<?xml version="1.0" encoding="UTF-8"?>
<!-- Generated by org.testng.reporters.JUnitReportReporter -->
<testsuite skipped="3" hostname="Mayurgirhe" name="com.test.TestNG_Ex" tests="3" failures="0" timestamp="09 Dec 2023 17:24:26 GMT" time="0.000" errors="0">
  <testcase name="dash" time="0.000" classname="com.test.TestNG_Ex">
    <skipped/>
  </testcase> <!-- dash -->
  <testcase name="login" time="0.000" classname="com.test.TestNG_Ex">
    <skipped/>
  </testcase> <!-- login -->
  <testcase name="user" time="0.000" classname="com.test.TestNG_Ex">
    <skipped/>
  </testcase> <!-- user -->
</testsuite> <!-- com.test.TestNG_Ex -->
