<?xml version="1.0" encoding="UTF-8"?>
<!-- Generated by org.testng.reporters.JUnitReportReporter -->
<testsuite skipped="1" hostname="Mayurgirhe" name="com.task_frame.JbkTest" tests="1" failures="0" timestamp="09 Dec 2023 17:24:26 GMT" time="0.000" errors="0">
  <testcase name="test" time="0.000" classname="com.task_frame.JbkTest">
    <skipped/>
  </testcase> <!-- test -->
</testsuite> <!-- com.task_frame.JbkTest -->
