<?xml version="1.0" encoding="UTF-8"?>
<!-- Generated by org.testng.reporters.JUnitReportReporter -->
<testsuite skipped="5" hostname="Mayurgirhe" name="com.testng.DemoTesting" tests="5" failures="0" timestamp="09 Dec 2023 17:24:26 GMT" time="0.000" errors="0">
  <testcase name="login" time="0.000" classname="com.testng.DemoTesting">
    <skipped/>
  </testcase> <!-- login -->
  <testcase name="dash" time="0.000" classname="com.testng.DemoTesting">
    <skipped/>
  </testcase> <!-- dash -->
  <testcase name="name" time="0.000" classname="com.testng.DemoTesting">
    <skipped/>
  </testcase> <!-- name -->
  <testcase name="logout" time="0.000" classname="com.testng.DemoTesting">
    <skipped/>
  </testcase> <!-- logout -->
  <testcase name="user" time="0.000" classname="com.testng.DemoTesting">
    <skipped/>
  </testcase> <!-- user -->
</testsuite> <!-- com.testng.DemoTesting -->
