<?xml version="1.0" encoding="UTF-8"?>
<!-- Generated by org.testng.reporters.JUnitReportReporter -->
<testsuite skipped="1" hostname="Mayurgirhe" name="com.all_methods.ReadExcelFile" tests="1" failures="0" timestamp="09 Dec 2023 17:24:26 GMT" time="0.000" errors="0">
  <testcase name="test01" time="0.000" classname="com.all_methods.ReadExcelFile">
    <skipped/>
  </testcase> <!-- test01 -->
</testsuite> <!-- com.all_methods.ReadExcelFile -->
