<?xml version="1.0" encoding="UTF-8"?>
<!-- Generated by org.testng.reporters.JUnitReportReporter -->
<testsuite skipped="0" hostname="Mayurgirhe" name="com.testng.Test01" tests="4" failures="0" timestamp="28 Nov 2023 12:34:26 GMT" time="0.020" errors="0">
  <testcase name="logout" time="0.002" classname="com.testng.Test01"/>
  <testcase name="user" time="0.002" classname="com.testng.Test01"/>
  <testcase name="dash" time="0.014" classname="com.testng.Test01"/>
  <testcase name="login" time="0.002" classname="com.testng.Test01"/>
</testsuite> <!-- com.testng.Test01 -->
