<?xml version="1.0" encoding="UTF-8"?>
<!-- Generated by org.testng.reporters.JUnitReportReporter -->
<testsuite skipped="1" hostname="Mayurgirhe" name="com.test_window_handle.WindowEx" tests="1" failures="0" timestamp="09 Dec 2023 17:24:26 GMT" time="0.000" errors="0">
  <testcase name="test01" time="0.000" classname="com.test_window_handle.WindowEx">
    <skipped/>
  </testcase> <!-- test01 -->
</testsuite> <!-- com.test_window_handle.WindowEx -->
