<?xml version="1.0" encoding="UTF-8"?>
<!-- Generated by org.testng.reporters.JUnitReportReporter -->
<testsuite skipped="4" hostname="Mayurgirhe" name="com.testng.testNg_Demo" tests="4" failures="0" timestamp="09 Dec 2023 17:24:26 GMT" time="0.000" errors="0">
  <testcase name="user" time="0.000" classname="com.testng.testNg_Demo">
    <skipped/>
  </testcase> <!-- user -->
  <testcase name="logout" time="0.000" classname="com.testng.testNg_Demo">
    <skipped/>
  </testcase> <!-- logout -->
  <testcase name="login" time="0.000" classname="com.testng.testNg_Demo">
    <skipped/>
  </testcase> <!-- login -->
  <testcase name="dash" time="0.000" classname="com.testng.testNg_Demo">
    <skipped/>
  </testcase> <!-- dash -->
</testsuite> <!-- com.testng.testNg_Demo -->
